<?xml version="1.0" encoding="UTF-8"?>
<!-- Generated by org.testng.reporters.JUnitReportReporter -->
<testsuite hostname="Rooja-PC" name="com.vtiger.scripts.TestLoginPage" tests="1" failures="0" timestamp="24 Jan 2020 09:52:56 GMT" time="11.188" errors="0">
  <testcase name="testLogin" time="11.188" classname="com.vtiger.scripts.TestLoginPage"/>
</testsuite> <!-- com.vtiger.scripts.TestLoginPage -->
