<?xml version="1.0" encoding="UTF-8"?>
<!-- Generated by org.testng.reporters.JUnitReportReporter -->
<testsuite hostname="Rooja-PC" name="com.vtiger.scripts.TestContactModule" tests="3" failures="0" timestamp="27 Jan 2020 16:49:42 GMT" time="132.458" errors="0">
  <testcase name="createContact" time="40.953" classname="com.vtiger.scripts.TestContactModule"/>
  <testcase name="createContactWithPhno" time="50.014" classname="com.vtiger.scripts.TestContactModule"/>
  <testcase name="createContactWithFname" time="41.491" classname="com.vtiger.scripts.TestContactModule"/>
</testsuite> <!-- com.vtiger.scripts.TestContactModule -->
