<?xml version="1.0" encoding="UTF-8"?>
<!-- Generated by org.testng.reporters.JUnitReportReporter -->
<testsuite hostname="Rooja-PC" name="com.vtiger.scripts.TestCreateOrganization" tests="3" failures="0" timestamp="27 Jan 2020 16:49:42 GMT" time="159.927" errors="0">
  <testcase name="testCreateOrganizationPre" time="52.613" classname="com.vtiger.scripts.TestCreateOrganization"/>
  <testcase name="testCreateOrganizationWithPhoneNo" time="53.234" classname="com.vtiger.scripts.TestCreateOrganization"/>
  <testcase name="testCreateOrganization" time="54.080" classname="com.vtiger.scripts.TestCreateOrganization"/>
</testsuite> <!-- com.vtiger.scripts.TestCreateOrganization -->
