<?xml version="1.0" encoding="UTF-8"?>
<!-- Generated by org.testng.reporters.JUnitReportReporter -->
<testsuite hostname="Rooja-PC" name="com.vtiger.scripts.TestCampignModule" tests="4" failures="0" timestamp="27 Jan 2020 16:49:42 GMT" time="161.200" errors="0">
  <testcase name="testCreateCampaigns" time="49.574" classname="com.vtiger.scripts.TestCampignModule"/>
  <testcase name="testCreateCampaignsWithActualCost" time="41.345" classname="com.vtiger.scripts.TestCampignModule"/>
  <testcase name="testCreateCampaignsWithExpectedRevenue" time="28.631" classname="com.vtiger.scripts.TestCampignModule"/>
  <testcase name="testCreateProduct" time="41.650" classname="com.vtiger.scripts.TestCampignModule"/>
</testsuite> <!-- com.vtiger.scripts.TestCampignModule -->
